<?xml version="1.0" encoding="UTF-8"?>
<testsuite name="com.soprasteria.asp.gestionEvol.DAOFactoryTest" time="0.032" tests="3" errors="0" skipped="0" failures="0">
  <properties>
[...]
</properties>
  <testcase name="getDataTest" classname="com.soprasteria.asp.gestionEvol.DAOFactoryTest" time="0.021"/>
  <testcase name="openFileJsonTest" classname="com.soprasteria.asp.gestionEvol.DAOFactoryTest" time="0.006"/>
  <testcase name="getDataErrorTest" classname="com.soprasteria.asp.gestionEvol.DAOFactoryTest" time="0.005"/>
</testsuite>